2026-02-03 20:48:50,322 [INFO] src.utils.logging_setup: Logging initialized: evidence_output\isec.log
Startup check - output_dir_exists: OK
Startup check - output_dir_writable: OK
Startup check - database_accessible: OK
Hash chain verification passed - Evidence collection proceeding...
Browser history collection requires explicit consent. Collection will be skipped.
2026-02-03 20:49:11,104 [INFO] src.utils.logging_setup: Logging initialized: evidence_output\isec.log
Startup check - output_dir_exists: OK
Startup check - output_dir_writable: OK
Startup check - database_accessible: OK
Hash chain verification passed - Evidence collection proceeding...
Browser history collection requires explicit consent. Collection will be skipped.
2026-02-03 20:49:46,442 [INFO] src.utils.logging_setup: Logging initialized: evidence_output\isec.log
Startup check - output_dir_exists: OK
Startup check - output_dir_writable: OK
Startup check - database_accessible: OK
Hash chain verification passed - Evidence collection proceeding...
Browser history collection requires explicit consent. Collection will be skipped.
Collecting system logs...
Collecting system logs...
Collected 50 system log entries
Checking browser data collection consent...
Browser history collection skipped due to lack of consent.
Collecting network connections...
Collecting network connections...
Collected 418 network connections
Collecting file metadata...
Collecting file metadata...
Permission denied accessing directory: C:\Users\All Users\Application Data
Permission denied accessing directory: C:\Users\All Users\Documents
Permission denied accessing directory: C:\Users\Default\Application Data
Permission denied accessing directory: C:\Users\Default\Cookies
Permission denied accessing directory: C:\Users\Default\Local Settings
Permission denied accessing directory: C:\Users\Default\My Documents
Permission denied accessing directory: C:\Users\Default\NetHood
Permission denied accessing directory: C:\Users\Default User
Permission denied accessing directory: C:\Program Files (x86)\Google\CrashReports
Collected metadata from 607 files/directories
2026-02-03 20:50:04,712 [INFO] src.utils.logging_setup: Logging initialized: evidence_output\isec.log
Startup check - output_dir_exists: OK
Startup check - output_dir_writable: OK
Startup check - database_accessible: OK
Hash chain verification passed - Evidence collection proceeding...
Browser history collection requires explicit consent. Collection will be skipped.
Digital signature method not available, skipping...
2026-02-03 20:50:25,982 [INFO] src.utils.logging_setup: Logging initialized: evidence_output\isec.log
Startup check - output_dir_exists: OK
Startup check - output_dir_writable: OK
Startup check - database_accessible: OK
Hash chain verification passed - Evidence collection proceeding...
Browser history collection requires explicit consent. Collection will be skipped.
2026-02-03 20:50:53,841 [INFO] src.utils.logging_setup: Logging initialized: evidence_output\isec.log
Startup check - output_dir_exists: OK
Startup check - output_dir_writable: OK
Startup check - database_accessible: OK
Hash chain verification passed - Evidence collection proceeding...
Browser history collection requires explicit consent. Collection will be skipped.
2026-02-03 21:59:54,959 [INFO] src.utils.logging_setup: Logging initialized: evidence_output\isec.log
Startup check - output_dir_exists: OK
Startup check - output_dir_writable: OK
Startup check - database_accessible: OK
Hash chain verification passed - Evidence collection proceeding...
Browser history collection requires explicit consent. Collection will be skipped.
2026-02-03 22:00:03,765 [INFO] src.utils.logging_setup: Logging initialized: evidence_output\isec.log
Startup check - output_dir_exists: OK
Startup check - output_dir_writable: OK
Startup check - database_accessible: OK
Hash chain verification passed - Evidence collection proceeding...
Browser history collection requires explicit consent. Collection will be skipped.
Collecting system logs...
Collecting system logs...
Collected 50 system log entries
Checking browser data collection consent...
Browser history collection skipped due to lack of consent.
Collecting network connections...
Collecting network connections...
Collected 433 network connections
Collecting file metadata...
Collecting file metadata...
Permission denied accessing directory: C:\Users\All Users\Application Data
Permission denied accessing directory: C:\Users\All Users\Documents
Permission denied accessing directory: C:\Users\Default\Application Data
Permission denied accessing directory: C:\Users\Default\Cookies
Permission denied accessing directory: C:\Users\Default\Local Settings
Permission denied accessing directory: C:\Users\Default\My Documents
Permission denied accessing directory: C:\Users\Default\NetHood
Permission denied accessing directory: C:\Users\Default User
Permission denied accessing directory: C:\Program Files (x86)\Google\CrashReports
Collected metadata from 607 files/directories
2026-02-03 22:00:12,624 [INFO] src.utils.logging_setup: Logging initialized: evidence_output\isec.log
Startup check - output_dir_exists: OK
Startup check - output_dir_writable: OK
Startup check - database_accessible: OK
Hash chain verification passed - Evidence collection proceeding...
Browser history collection requires explicit consent. Collection will be skipped.
Digital signature method not available, skipping...
2026-02-03 22:01:14,893 [INFO] src.utils.logging_setup: Logging initialized: evidence_output\isec.log
Startup check - output_dir_exists: OK
Startup check - output_dir_writable: OK
Startup check - database_accessible: OK
Hash chain verification passed - Evidence collection proceeding...
Browser history collection requires explicit consent. Collection will be skipped.
2026-02-03 22:01:22,770 [INFO] src.utils.logging_setup: Logging initialized: evidence_output\isec.log
Startup check - output_dir_exists: OK
Startup check - output_dir_writable: OK
Startup check - database_accessible: OK
Hash chain verification passed - Evidence collection proceeding...
Role 'Exporter' does not have permission to collect evidence.
2026-02-03 22:04:27,599 [INFO] src.utils.logging_setup: Logging initialized: evidence_output\isec.log
Startup check - output_dir_exists: OK
Startup check - output_dir_writable: OK
Startup check - database_accessible: OK
Hash chain verification passed - Evidence collection proceeding...
Role 'Exporter' does not have permission to collect evidence.
Digital signature file created: evidence_output\forensic_report_20260203_220427.pdf.sig.json
2026-02-03 22:05:32,809 [INFO] src.utils.logging_setup: Logging initialized: evidence_output\isec.log
Startup check - output_dir_exists: OK
Startup check - output_dir_writable: OK
Startup check - database_accessible: OK
Hash chain verification passed - Evidence collection proceeding...
Digital signature file created: evidence_output\forensic_report_20260203_220533.pdf.sig.json
2026-02-03 22:05:44,818 [INFO] src.utils.logging_setup: Logging initialized: evidence_output\isec.log
Startup check - output_dir_exists: OK
Startup check - output_dir_writable: OK
Startup check - database_accessible: OK
Hash chain verification passed - Evidence collection proceeding...
2026-02-03 22:16:22,702 [INFO] src.utils.logging_setup: Logging initialized: C:\app\ISEC\evidence_output\isec.log
Startup check - output_dir_exists: OK
Startup check - output_dir_writable: OK
Startup check - database_accessible: OK
Hash chain verification passed - Evidence collection proceeding...
2026-02-03 22:22:46,877 [INFO] src.utils.logging_setup: Logging initialized: C:\app\ISEC\evidence_output\isec.log
Startup check - output_dir_exists: OK
Startup check - output_dir_writable: OK
Startup check - database_accessible: OK
Hash chain verification passed - Evidence collection proceeding...
2026-02-03 22:22:48,868 [INFO] src.utils.logging_setup: Logging initialized: C:\app\ISEC\evidence_output\isec.log
Startup check - output_dir_exists: OK
Startup check - output_dir_writable: OK
Startup check - database_accessible: OK
Hash chain verification passed - Evidence collection proceeding...
2026-02-03 22:23:27,547 [INFO] src.utils.logging_setup: Logging initialized: C:\app\ISEC\evidence_output\isec.log
Startup check - output_dir_exists: OK
Startup check - output_dir_writable: OK
Startup check - database_accessible: OK
Hash chain verification passed - Evidence collection proceeding...
2026-02-03 22:23:34,734 [INFO] src.utils.logging_setup: Logging initialized: C:\app\ISEC\evidence_output\isec.log
Startup check - output_dir_exists: OK
Startup check - output_dir_writable: OK
Startup check - database_accessible: OK
Hash chain verification passed - Evidence collection proceeding...
2026-02-03 22:23:51,221 [INFO] src.utils.logging_setup: Logging initialized: C:\app\ISEC\evidence_output\isec.log
Startup check - output_dir_exists: OK
Startup check - output_dir_writable: OK
Startup check - database_accessible: OK
Hash chain verification passed - Evidence collection proceeding...
2026-02-03 22:28:06,956 [INFO] src.utils.logging_setup: Logging initialized: C:\app\ISEC\evidence_output\isec.log
Startup check - output_dir_exists: OK
Startup check - output_dir_writable: OK
Startup check - database_accessible: OK
Hash chain verification passed - Evidence collection proceeding...
2026-02-03 22:28:25,929 [INFO] src.utils.logging_setup: Logging initialized: C:\app\ISEC\evidence_output\isec.log
Startup check - output_dir_exists: OK
Startup check - output_dir_writable: OK
Startup check - database_accessible: OK
Hash chain verification passed - Evidence collection proceeding...
2026-02-03 22:28:47,357 [INFO] src.utils.logging_setup: Logging initialized: C:\app\ISEC\evidence_output\isec.log
Startup check - output_dir_exists: OK
Startup check - output_dir_writable: OK
Startup check - database_accessible: OK
Hash chain verification passed - Evidence collection proceeding...
2026-02-03 22:28:50,216 [INFO] src.utils.logging_setup: Logging initialized: C:\app\ISEC\evidence_output\isec.log
Startup check - output_dir_exists: OK
Startup check - output_dir_writable: OK
Startup check - database_accessible: OK
Hash chain verification passed - Evidence collection proceeding...
2026-02-03 22:28:53,364 [INFO] src.utils.logging_setup: Logging initialized: C:\app\ISEC\evidence_output\isec.log
Startup check - output_dir_exists: OK
Startup check - output_dir_writable: OK
Startup check - database_accessible: OK
Hash chain verification passed - Evidence collection proceeding...
2026-02-03 22:28:55,572 [INFO] src.utils.logging_setup: Logging initialized: C:\app\ISEC\evidence_output\isec.log
Startup check - output_dir_exists: OK
Startup check - output_dir_writable: OK
Startup check - database_accessible: OK
Hash chain verification passed - Evidence collection proceeding...
2026-02-03 22:29:21,925 [INFO] src.utils.logging_setup: Logging initialized: C:\app\ISEC\evidence_output\isec.log
Startup check - output_dir_exists: OK
Startup check - output_dir_writable: OK
Startup check - database_accessible: OK
Hash chain verification passed - Evidence collection proceeding...
2026-02-03 22:29:35,312 [INFO] src.utils.logging_setup: Logging initialized: C:\app\ISEC\evidence_output\isec.log
Startup check - output_dir_exists: OK
Startup check - output_dir_writable: OK
Startup check - database_accessible: OK
Hash chain verification passed - Evidence collection proceeding...
2026-02-03 22:29:49,428 [INFO] src.utils.logging_setup: Logging initialized: C:\app\ISEC\evidence_output\isec.log
Startup check - output_dir_exists: OK
Startup check - output_dir_writable: OK
Startup check - database_accessible: OK
Hash chain verification passed - Evidence collection proceeding...
2026-02-03 22:29:56,127 [INFO] src.utils.logging_setup: Logging initialized: C:\app\ISEC\evidence_output\isec.log
Startup check - output_dir_exists: OK
Startup check - output_dir_writable: OK
Startup check - database_accessible: OK
Hash chain verification passed - Evidence collection proceeding...
2026-02-03 22:30:08,733 [INFO] src.utils.logging_setup: Logging initialized: C:\app\ISEC\evidence_output\isec.log
Startup check - output_dir_exists: OK
Startup check - output_dir_writable: OK
Startup check - database_accessible: OK
Hash chain verification passed - Evidence collection proceeding...
2026-02-03 22:30:18,111 [INFO] src.utils.logging_setup: Logging initialized: C:\app\ISEC\evidence_output\isec.log
Startup check - output_dir_exists: OK
Startup check - output_dir_writable: OK
Startup check - database_accessible: OK
Hash chain verification passed - Evidence collection proceeding...
2026-02-03 22:30:34,220 [INFO] src.utils.logging_setup: Logging initialized: C:\app\ISEC\evidence_output\isec.log
Startup check - output_dir_exists: OK
Startup check - output_dir_writable: OK
Startup check - database_accessible: OK
Hash chain verification passed - Evidence collection proceeding...
2026-02-03 22:30:46,524 [INFO] src.utils.logging_setup: Logging initialized: C:\app\ISEC\evidence_output\isec.log
Startup check - output_dir_exists: OK
Startup check - output_dir_writable: OK
Startup check - database_accessible: OK
Hash chain verification passed - Evidence collection proceeding...
2026-02-03 22:31:08,743 [INFO] src.utils.logging_setup: Logging initialized: C:\app\ISEC\evidence_output\isec.log
Startup check - output_dir_exists: OK
Startup check - output_dir_writable: OK
Startup check - database_accessible: OK
Hash chain verification passed - Evidence collection proceeding...
2026-02-03 22:31:20,903 [INFO] src.utils.logging_setup: Logging initialized: C:\app\ISEC\evidence_output\isec.log
Startup check - output_dir_exists: OK
Startup check - output_dir_writable: OK
Startup check - database_accessible: OK
Hash chain verification passed - Evidence collection proceeding...
2026-02-03 22:31:35,833 [INFO] src.utils.logging_setup: Logging initialized: C:\app\ISEC\evidence_output\isec.log
Startup check - output_dir_exists: OK
Startup check - output_dir_writable: OK
Startup check - database_accessible: OK
Hash chain verification passed - Evidence collection proceeding...
2026-02-03 22:31:37,832 [INFO] src.utils.logging_setup: Logging initialized: C:\app\ISEC\evidence_output\isec.log
Startup check - output_dir_exists: OK
Startup check - output_dir_writable: OK
Startup check - database_accessible: OK
Hash chain verification passed - Evidence collection proceeding...
2026-02-03 22:34:28,019 [INFO] src.utils.logging_setup: Logging initialized: C:\app\ISEC\evidence_output\isec.log
Startup check - output_dir_exists: OK
Startup check - output_dir_writable: OK
Startup check - database_accessible: OK
Hash chain verification passed - Evidence collection proceeding...
2026-02-03 22:34:39,241 [INFO] src.utils.logging_setup: Logging initialized: C:\app\ISEC\evidence_output\isec.log
Startup check - output_dir_exists: OK
Startup check - output_dir_writable: OK
Startup check - database_accessible: OK
Hash chain verification passed - Evidence collection proceeding...
2026-02-03 22:35:15,947 [INFO] src.utils.logging_setup: Logging initialized: C:\app\ISEC\evidence_output\isec.log
Startup check - output_dir_exists: OK
Startup check - output_dir_writable: OK
Startup check - database_accessible: OK
Hash chain verification passed - Evidence collection proceeding...
2026-02-03 22:35:26,446 [INFO] src.utils.logging_setup: Logging initialized: C:\app\ISEC\evidence_output\isec.log
Startup check - output_dir_exists: OK
Startup check - output_dir_writable: OK
Startup check - database_accessible: OK
Hash chain verification passed - Evidence collection proceeding...
2026-02-03 22:36:09,869 [INFO] src.utils.logging_setup: Logging initialized: C:\app\ISEC\evidence_output\isec.log
Startup check - output_dir_exists: OK
Startup check - output_dir_writable: OK
Startup check - database_accessible: OK
Hash chain verification passed - Evidence collection proceeding...
2026-02-03 22:36:21,152 [INFO] src.utils.logging_setup: Logging initialized: C:\app\ISEC\evidence_output\isec.log
Startup check - output_dir_exists: OK
Startup check - output_dir_writable: OK
Startup check - database_accessible: OK
Hash chain verification passed - Evidence collection proceeding...
2026-02-03 22:36:24,841 [INFO] src.utils.logging_setup: Logging initialized: C:\app\ISEC\evidence_output\isec.log
Startup check - output_dir_exists: OK
Startup check - output_dir_writable: OK
Startup check - database_accessible: OK
Hash chain verification passed - Evidence collection proceeding...
2026-02-03 22:36:43,387 [INFO] src.utils.logging_setup: Logging initialized: C:\app\ISEC\evidence_output\isec.log
Startup check - output_dir_exists: OK
Startup check - output_dir_writable: OK
Startup check - database_accessible: OK
Hash chain verification passed - Evidence collection proceeding...
2026-02-03 22:36:49,068 [INFO] src.utils.logging_setup: Logging initialized: C:\app\ISEC\evidence_output\isec.log
Startup check - output_dir_exists: OK
Startup check - output_dir_writable: OK
Startup check - database_accessible: OK
Hash chain verification passed - Evidence collection proceeding...
2026-02-03 22:36:51,023 [INFO] src.utils.logging_setup: Logging initialized: C:\app\ISEC\evidence_output\isec.log
Startup check - output_dir_exists: OK
Startup check - output_dir_writable: OK
Startup check - database_accessible: OK
Hash chain verification passed - Evidence collection proceeding...
2026-02-03 22:37:03,194 [INFO] src.utils.logging_setup: Logging initialized: C:\app\ISEC\evidence_output\isec.log
Startup check - output_dir_exists: OK
Startup check - output_dir_writable: OK
Startup check - database_accessible: OK
Hash chain verification passed - Evidence collection proceeding...
2026-02-03 22:37:04,536 [INFO] src.utils.logging_setup: Logging initialized: C:\app\ISEC\evidence_output\isec.log
Startup check - output_dir_exists: OK
Startup check - output_dir_writable: OK
Startup check - database_accessible: OK
Hash chain verification passed - Evidence collection proceeding...
2026-02-03 22:37:18,078 [INFO] src.utils.logging_setup: Logging initialized: C:\app\ISEC\evidence_output\isec.log
Startup check - output_dir_exists: OK
Startup check - output_dir_writable: OK
Startup check - database_accessible: OK
Hash chain verification passed - Evidence collection proceeding...
2026-02-03 22:37:19,575 [INFO] src.utils.logging_setup: Logging initialized: C:\app\ISEC\evidence_output\isec.log
Startup check - output_dir_exists: OK
Startup check - output_dir_writable: OK
Startup check - database_accessible: OK
Hash chain verification passed - Evidence collection proceeding...
2026-02-03 22:37:33,192 [INFO] src.utils.logging_setup: Logging initialized: C:\app\ISEC\evidence_output\isec.log
Startup check - output_dir_exists: OK
Startup check - output_dir_writable: OK
Startup check - database_accessible: OK
Hash chain verification passed - Evidence collection proceeding...
2026-02-03 22:37:34,677 [INFO] src.utils.logging_setup: Logging initialized: C:\app\ISEC\evidence_output\isec.log
Startup check - output_dir_exists: OK
Startup check - output_dir_writable: OK
Startup check - database_accessible: OK
Hash chain verification passed - Evidence collection proceeding...
2026-02-03 22:38:12,868 [INFO] src.utils.logging_setup: Logging initialized: C:\app\ISEC\evidence_output\isec.log
Startup check - output_dir_exists: OK
Startup check - output_dir_writable: OK
Startup check - database_accessible: OK
Hash chain verification passed - Evidence collection proceeding...
2026-02-03 22:38:44,581 [INFO] src.utils.logging_setup: Logging initialized: C:\app\ISEC\evidence_output\isec.log
Startup check - output_dir_exists: OK
Startup check - output_dir_writable: OK
Startup check - database_accessible: OK
Hash chain verification passed - Evidence collection proceeding...
2026-02-03 22:38:48,477 [INFO] src.utils.logging_setup: Logging initialized: C:\app\ISEC\evidence_output\isec.log
Startup check - output_dir_exists: OK
Startup check - output_dir_writable: OK
Startup check - database_accessible: OK
Hash chain verification passed - Evidence collection proceeding...
2026-02-03 22:38:49,966 [INFO] src.utils.logging_setup: Logging initialized: C:\app\ISEC\evidence_output\isec.log
Startup check - output_dir_exists: OK
Startup check - output_dir_writable: OK
Startup check - database_accessible: OK
Hash chain verification passed - Evidence collection proceeding...
2026-02-03 22:38:51,939 [INFO] src.utils.logging_setup: Logging initialized: C:\app\ISEC\evidence_output\isec.log
Startup check - output_dir_exists: OK
Startup check - output_dir_writable: OK
Startup check - database_accessible: OK
Hash chain verification passed - Evidence collection proceeding...
